Build started 2/24/2014 6:41:33 PM.
     1>Project "F:\CS\CS 1410\ClassExamplesStrings\ClassExamplesStrings\ClassExamplesStrings.vcxproj" on node 2 (Build target(s)).
     1>ClCompile:
         C:\Program Files (x86)\Microsoft Visual Studio 11.0\VC\bin\CL.exe /c /ZI /nologo /W3 /WX- /Od /Oy- /D WIN32 /D _DEBUG /D _CONSOLE /D _UNICODE /D UNICODE /Gm /EHsc /RTC1 /MDd /GS /fp:precise /Zc:wchar_t /Zc:forScope /Fo"Debug\\" /Fd"Debug\vc110.pdb" /Gd /TP /analyze- /errorReport:prompt ClassExamplesStrings.cpp
         ClassExamplesStrings.cpp
     1>f:\cs\cs 1410\classexamplesstrings\classexamplesstrings\classexamplesstrings.cpp(18): error C2040: 'str' : 'std::string' differs in levels of indirection from 'char [80]'
     1>f:\cs\cs 1410\classexamplesstrings\classexamplesstrings\classexamplesstrings.cpp(22): error C2088: '>>' : illegal for class
     1>f:\cs\cs 1410\classexamplesstrings\classexamplesstrings\classexamplesstrings.cpp(24): error C2088: '<<' : illegal for class
     1>f:\cs\cs 1410\classexamplesstrings\classexamplesstrings\classexamplesstrings.cpp(29): error C2088: '<<' : illegal for class
     1>f:\cs\cs 1410\classexamplesstrings\classexamplesstrings\classexamplesstrings.cpp(74): error C2065: 'username' : undeclared identifier
     1>Done Building Project "F:\CS\CS 1410\ClassExamplesStrings\ClassExamplesStrings\ClassExamplesStrings.vcxproj" (Build target(s)) -- FAILED.

Build FAILED.

Time Elapsed 00:00:00.75
