Build started 1/21/2014 10:54:39 AM.
     1>Project "F:\CS\CS 1410\HW1\HW1\HW1.vcxproj" on node 2 (Build target(s)).
     1>ClCompile:
         C:\Program Files (x86)\Microsoft Visual Studio 11.0\VC\bin\CL.exe /c /ZI /nologo /W3 /WX- /Od /Oy- /D WIN32 /D _DEBUG /D _CONSOLE /D _UNICODE /D UNICODE /Gm /EHsc /RTC1 /MDd /GS /fp:precise /Zc:wchar_t /Zc:forScope /Fo"Debug\\" /Fd"Debug\vc110.pdb" /Gd /TP /analyze- /errorReport:prompt HW1P1.cpp
         HW1P1.cpp
       Link:
         C:\Program Files (x86)\Microsoft Visual Studio 11.0\VC\bin\link.exe /ERRORREPORT:PROMPT /OUT:"F:\CS\CS 1410\HW1\Debug\Homework.exe" /INCREMENTAL /NOLOGO kernel32.lib user32.lib gdi32.lib winspool.lib comdlg32.lib advapi32.lib shell32.lib ole32.lib oleaut32.lib uuid.lib odbc32.lib odbccp32.lib /MANIFEST /MANIFESTUAC:"level='asInvoker' uiAccess='false'" /manifest:embed /DEBUG /PDB:"F:\CS\CS 1410\HW1\Debug\Homework.pdb" /SUBSYSTEM:CONSOLE /TLBID:1 /DYNAMICBASE /NXCOMPAT /IMPLIB:"F:\CS\CS 1410\HW1\Debug\Homework.lib" /MACHINE:X86 Debug\HW1P1.obj
         Debug\HW1P2.obj
     1>HW1P2.obj : error LNK2005: _main already defined in HW1P1.obj
     1>F:\CS\CS 1410\HW1\Debug\Homework.exe : fatal error LNK1169: one or more multiply defined symbols found
     1>Done Building Project "F:\CS\CS 1410\HW1\HW1\HW1.vcxproj" (Build target(s)) -- FAILED.

Build FAILED.

Time Elapsed 00:00:19.87
